<?xml version="1.0" encoding="UTF-8"?>
<testsuite name="de.enterpriseosgi.tycho.bundle.tests.TestKlasse" time="0.002" tests="1" errors="0" skipped="0" failures="1">
  <properties>
    <property name="java.vendor" value="Oracle Corporation"/>
    <property name="osgi.bundles.defaultStartLevel" value="4"/>
    <property name="sun.java.launcher" value="SUN_STANDARD"/>
    <property name="org.osgi.supports.framework.extension" value="true"/>
    <property name="sun.management.compiler" value="HotSpot Client Compiler"/>
    <property name="os.name" value="Windows 7"/>
    <property name="sun.boot.class.path" value="C:\Program Files (x86)\Java\jdk1.8.0_60\jre\lib\resources.jar;C:\Program Files (x86)\Java\jdk1.8.0_60\jre\lib\rt.jar;C:\Program Files (x86)\Java\jdk1.8.0_60\jre\lib\sunrsasign.jar;C:\Program Files (x86)\Java\jdk1.8.0_60\jre\lib\jsse.jar;C:\Program Files (x86)\Java\jdk1.8.0_60\jre\lib\jce.jar;C:\Program Files (x86)\Java\jdk1.8.0_60\jre\lib\charsets.jar;C:\Program Files (x86)\Java\jdk1.8.0_60\jre\lib\jfr.jar;C:\Program Files (x86)\Java\jdk1.8.0_60\jre\classes"/>
    <property name="osgi.ws" value="win32"/>
    <property name="sun.desktop" value="windows"/>
    <property name="java.vm.specification.vendor" value="Oracle Corporation"/>
    <property name="java.runtime.version" value="1.8.0_60-b27"/>
    <property name="osgi.instance.area" value="file:/D:/java/EclipseProjects/tycho-tests/testbundletest/target/work/data/"/>
    <property name="org.osgi.framework.uuid" value="300e32ec-2cd0-0015-1317-d1be50a3a70a"/>
    <property name="osgi.noShutdown" value="false"/>
    <property name="user.name" value="uwe"/>
    <property name="org.osgi.framework.system.packages" value="javax.accessibility,javax.activation,javax.activity,javax.annotation,javax.annotation.processing,javax.crypto,javax.crypto.interfaces,javax.crypto.spec,javax.imageio,javax.imageio.event,javax.imageio.metadata,javax.imageio.plugins.bmp,javax.imageio.plugins.jpeg,javax.imageio.spi,javax.imageio.stream,javax.jws,javax.jws.soap,javax.lang.model,javax.lang.model.element,javax.lang.model.type,javax.lang.model.util,javax.management,javax.management.loading,javax.management.modelmbean,javax.management.monitor,javax.management.openmbean,javax.management.relation,javax.management.remote,javax.management.remote.rmi,javax.management.timer,javax.naming,javax.naming.directory,javax.naming.event,javax.naming.ldap,javax.naming.spi,javax.net,javax.net.ssl,javax.print,javax.print.attribute,javax.print.attribute.standard,javax.print.event,javax.rmi,javax.rmi.CORBA,javax.rmi.ssl,javax.script,javax.security.auth,javax.security.auth.callback,javax.security.auth.kerberos,javax.security.auth.login,javax.security.auth.spi,javax.security.auth.x500,javax.security.cert,javax.security.sasl,javax.sound.midi,javax.sound.midi.spi,javax.sound.sampled,javax.sound.sampled.spi,javax.sql,javax.sql.rowset,javax.sql.rowset.serial,javax.sql.rowset.spi,javax.swing,javax.swing.border,javax.swing.colorchooser,javax.swing.event,javax.swing.filechooser,javax.swing.plaf,javax.swing.plaf.basic,javax.swing.plaf.metal,javax.swing.plaf.multi,javax.swing.plaf.nimbus,javax.swing.plaf.synth,javax.swing.table,javax.swing.text,javax.swing.text.html,javax.swing.text.html.parser,javax.swing.text.rtf,javax.swing.tree,javax.swing.undo,javax.tools,javax.transaction,javax.transaction.xa,javax.xml,javax.xml.bind,javax.xml.bind.annotation,javax.xml.bind.annotation.adapters,javax.xml.bind.attachment,javax.xml.bind.helpers,javax.xml.bind.util,javax.xml.crypto,javax.xml.crypto.dom,javax.xml.crypto.dsig,javax.xml.crypto.dsig.dom,javax.xml.crypto.dsig.keyinfo,javax.xml.crypto.dsig.spec,javax.xml.datatype,javax.xml.namespace,javax.xml.parsers,javax.xml.soap,javax.xml.stream,javax.xml.stream.events,javax.xml.stream.util,javax.xml.transform,javax.xml.transform.dom,javax.xml.transform.sax,javax.xml.transform.stax,javax.xml.transform.stream,javax.xml.validation,javax.xml.ws,javax.xml.ws.handler,javax.xml.ws.handler.soap,javax.xml.ws.http,javax.xml.ws.soap,javax.xml.ws.spi,javax.xml.ws.spi.http,javax.xml.ws.wsaddressing,javax.xml.xpath,org.ietf.jgss,org.omg.CORBA,org.omg.CORBA_2_3,org.omg.CORBA_2_3.portable,org.omg.CORBA.DynAnyPackage,org.omg.CORBA.ORBPackage,org.omg.CORBA.portable,org.omg.CORBA.TypeCodePackage,org.omg.CosNaming,org.omg.CosNaming.NamingContextExtPackage,org.omg.CosNaming.NamingContextPackage,org.omg.Dynamic,org.omg.DynamicAny,org.omg.DynamicAny.DynAnyFactoryPackage,org.omg.DynamicAny.DynAnyPackage,org.omg.IOP,org.omg.IOP.CodecFactoryPackage,org.omg.IOP.CodecPackage,org.omg.Messaging,org.omg.PortableInterceptor,org.omg.PortableInterceptor.ORBInitInfoPackage,org.omg.PortableServer,org.omg.PortableServer.CurrentPackage,org.omg.PortableServer.POAManagerPackage,org.omg.PortableServer.POAPackage,org.omg.PortableServer.portable,org.omg.PortableServer.ServantLocatorPackage,org.omg.SendingContext,org.omg.stub.java.rmi,org.w3c.dom,org.w3c.dom.bootstrap,org.w3c.dom.css,org.w3c.dom.events,org.w3c.dom.html,org.w3c.dom.ls,org.w3c.dom.ranges,org.w3c.dom.stylesheets,org.w3c.dom.traversal,org.w3c.dom.views,org.w3c.dom.xpath,org.xml.sax,org.xml.sax.ext,org.xml.sax.helpers"/>
    <property name="equinox.use.ds" value="true"/>
    <property name="org.osgi.framework.language" value="de"/>
    <property name="user.language" value="de"/>
    <property name="org.osgi.framework.processor" value="x86"/>
    <property name="osgi.syspath" value="c:\Users\uwe\.m2\repository\p2\osgi\bundle\org.eclipse.osgi\3.10.101.v20150820-1432"/>
    <property name="sun.boot.library.path" value="C:\Program Files (x86)\Java\jdk1.8.0_60\jre\bin"/>
    <property name="org.osgi.framework.system.capabilities" value="osgi.ee; osgi.ee=&quot;OSGi/Minimum&quot;; version:List&lt;Version&gt;=&quot;1.0, 1.1, 1.2&quot;,osgi.ee; osgi.ee=&quot;JRE&quot;; version:List&lt;Version&gt;=&quot;1.0, 1.1&quot;,osgi.ee; osgi.ee=&quot;JavaSE&quot;; version:List&lt;Version&gt;=&quot;1.0, 1.1, 1.2, 1.3, 1.4, 1.5, 1.6, 1.7, 1.8&quot;,osgi.ee; osgi.ee=&quot;JavaSE/compact1&quot;; version:List&lt;Version&gt;=&quot;1.8&quot;,osgi.ee; osgi.ee=&quot;JavaSE/compact2&quot;; version:List&lt;Version&gt;=&quot;1.8&quot;,osgi.ee; osgi.ee=&quot;JavaSE/compact3&quot;; version:List&lt;Version&gt;=&quot;1.8&quot;"/>
    <property name="osgi.compatibility.bootdelegation" value="true"/>
    <property name="java.version" value="1.8.0_60"/>
    <property name="org.osgi.framework.os.name" value="Windows7"/>
    <property name="user.timezone" value="Europe/Berlin"/>
    <property name="sun.arch.data.model" value="32"/>
    <property name="osgi.bundles" value="reference:file:C:/Users/uwe/.m2/repository/p2/osgi/bundle/javax.annotation/1.2.0.v201401042248/javax.annotation-1.2.0.v201401042248.jar,reference:file:C:/Users/uwe/.m2/repository/p2/osgi/bundle/javax.xml/1.3.4.v201005080400/javax.xml-1.3.4.v201005080400.jar,reference:file:C:/Users/uwe/.m2/repository/p2/osgi/bundle/org.apache.batik.css/1.7.0.v201011041433/org.apache.batik.css-1.7.0.v201011041433.jar,reference:file:C:/Users/uwe/.m2/repository/p2/osgi/bundle/org.apache.batik.util/1.7.0.v201011041433/org.apache.batik.util-1.7.0.v201011041433.jar,reference:file:C:/Users/uwe/.m2/repository/p2/osgi/bundle/org.w3c.dom.events/3.0.0.draft20060413_v201105210656/org.w3c.dom.events-3.0.0.draft20060413_v201105210656.jar,reference:file:C:/Users/uwe/.m2/repository/p2/osgi/bundle/org.w3c.css.sac/1.3.1.v200903091627/org.w3c.css.sac-1.3.1.v200903091627.jar,reference:file:C:/Users/uwe/.m2/repository/p2/osgi/bundle/org.w3c.dom.svg/1.1.0.v201011041433/org.w3c.dom.svg-1.1.0.v201011041433.jar,reference:file:C:/Users/uwe/.m2/repository/p2/osgi/bundle/org.apache.batik.util.gui/1.7.0.v200903091627/org.apache.batik.util.gui-1.7.0.v200903091627.jar,reference:file:C:/Users/uwe/.m2/repository/p2/osgi/bundle/org.eclipse.osgi.services/3.5.0.v20150519-2006/org.eclipse.osgi.services-3.5.0.v20150519-2006.jar,reference:file:C:/Users/uwe/.m2/repository/p2/osgi/bundle/org.eclipse.compare/3.5.600.v20150420-1449/org.eclipse.compare-3.5.600.v20150420-1449.jar,reference:file:C:/Users/uwe/.m2/repository/p2/osgi/bundle/org.eclipse.ui/3.107.0.v20150507-1945/org.eclipse.ui-3.107.0.v20150507-1945.jar,reference:file:C:/Users/uwe/.m2/repository/p2/osgi/bundle/org.eclipse.core.resources/3.10.1.v20150725-1910/org.eclipse.core.resources-3.10.1.v20150725-1910.jar,reference:file:C:/Users/uwe/.m2/repository/p2/osgi/bundle/org.eclipse.jface.text/3.10.0.v20150603-1752/org.eclipse.jface.text-3.10.0.v20150603-1752.jar,reference:file:C:/Users/uwe/.m2/repository/p2/osgi/bundle/org.eclipse.ui.ide/3.11.0.v20150825-2158/org.eclipse.ui.ide-3.11.0.v20150825-2158.jar,reference:file:C:/Users/uwe/.m2/repository/p2/osgi/bundle/org.eclipse.ui.views/3.8.0.v20150422-0725/org.eclipse.ui.views-3.8.0.v20150422-0725.jar,reference:file:C:/Users/uwe/.m2/repository/p2/osgi/bundle/org.eclipse.ui.workbench.texteditor/3.9.100.v20141023-1946/org.eclipse.ui.workbench.texteditor-3.9.100.v20141023-1946.jar,reference:file:C:/Users/uwe/.m2/repository/p2/osgi/bundle/org.eclipse.core.runtime/3.11.1.v20150903-1804/org.eclipse.core.runtime-3.11.1.v20150903-1804.jar@4:start,reference:file:C:/Users/uwe/.m2/repository/p2/osgi/bundle/org.eclipse.core.expressions/3.5.0.v20150421-2214/org.eclipse.core.expressions-3.5.0.v20150421-2214.jar,reference:file:C:/Users/uwe/.m2/repository/p2/osgi/bundle/org.eclipse.ui.editors/3.9.0.v20150213-1939/org.eclipse.ui.editors-3.9.0.v20150213-1939.jar,reference:file:C:/Users/uwe/.m2/repository/p2/osgi/bundle/org.eclipse.ui.forms/3.6.200.v20150506-2029/org.eclipse.ui.forms-3.6.200.v20150506-2029.jar,reference:file:C:/Users/uwe/.m2/repository/p2/osgi/bundle/org.eclipse.compare.core/3.5.500.v20150505-1058/org.eclipse.compare.core-3.5.500.v20150505-1058.jar,reference:file:C:/Users/uwe/.m2/repository/p2/osgi/bundle/com.ibm.icu/54.1.1.v201501272100/com.ibm.icu-54.1.1.v201501272100.jar,reference:file:C:/Users/uwe/.m2/repository/p2/osgi/bundle/org.eclipse.core.commands/3.7.0.v20150422-0725/org.eclipse.core.commands-3.7.0.v20150422-0725.jar,reference:file:C:/Users/uwe/.m2/repository/p2/osgi/bundle/org.eclipse.equinox.common/3.7.0.v20150402-1709/org.eclipse.equinox.common-3.7.0.v20150402-1709.jar@2:start,reference:file:C:/Users/uwe/.m2/repository/p2/osgi/bundle/org.eclipse.core.contenttype/3.5.0.v20150421-2214/org.eclipse.core.contenttype-3.5.0.v20150421-2214.jar,reference:file:C:/Users/uwe/.m2/repository/p2/osgi/bundle/org.eclipse.equinox.preferences/3.5.300.v20150408-1437/org.eclipse.equinox.preferences-3.5.300.v20150408-1437.jar,reference:file:C:/Users/uwe/.m2/repository/p2/osgi/bundle/org.eclipse.equinox.registry/3.6.0.v20150318-1503/org.eclipse.equinox.registry-3.6.0.v20150318-1503.jar,reference:file:C:/Users/uwe/.m2/repository/p2/osgi/bundle/org.eclipse.core.databinding/1.5.0.v20150422-0725/org.eclipse.core.databinding-1.5.0.v20150422-0725.jar,reference:file:C:/Users/uwe/.m2/repository/p2/osgi/bundle/org.eclipse.core.databinding.observable/1.5.0.v20150422-0725/org.eclipse.core.databinding.observable-1.5.0.v20150422-0725.jar,reference:file:C:/Users/uwe/.m2/repository/p2/osgi/bundle/org.eclipse.core.databinding.property/1.5.0.v20150422-0725/org.eclipse.core.databinding.property-1.5.0.v20150422-0725.jar,reference:file:C:/Users/uwe/.m2/repository/p2/osgi/bundle/org.eclipse.core.filebuffers/3.5.500.v20140723-1040/org.eclipse.core.filebuffers-3.5.500.v20140723-1040.jar,reference:file:C:/Users/uwe/.m2/repository/p2/osgi/bundle/org.eclipse.text/3.5.400.v20150505-1044/org.eclipse.text-3.5.400.v20150505-1044.jar,reference:file:C:/Users/uwe/.m2/repository/p2/osgi/bundle/org.eclipse.core.filesystem/1.5.0.v20150725-1910/org.eclipse.core.filesystem-1.5.0.v20150725-1910.jar,reference:file:C:/Users/uwe/.m2/repository/p2/osgi/bundle/org.eclipse.core.jobs/3.7.0.v20150330-2103/org.eclipse.core.jobs-3.7.0.v20150330-2103.jar,reference:file:C:/Users/uwe/.m2/repository/p2/osgi/bundle/org.eclipse.core.net/1.2.300.v20141118-1725/org.eclipse.core.net-1.2.300.v20141118-1725.jar,reference:file:C:/Users/uwe/.m2/repository/p2/osgi/bundle/org.eclipse.equinox.security/1.2.100.v20150423-1356/org.eclipse.equinox.security-1.2.100.v20150423-1356.jar,reference:file:C:/Users/uwe/.m2/repository/p2/osgi/bundle/org.eclipse.equinox.app/1.3.300.v20150423-1356/org.eclipse.equinox.app-1.3.300.v20150423-1356.jar,reference:file:C:/Users/uwe/.m2/repository/p2/osgi/bundle/org.eclipse.e4.core.commands/0.11.0.v20150422-0725/org.eclipse.e4.core.commands-0.11.0.v20150422-0725.jar,reference:file:C:/Users/uwe/.m2/repository/p2/osgi/bundle/org.eclipse.e4.core.di/1.5.0.v20150421-2214/org.eclipse.e4.core.di-1.5.0.v20150421-2214.jar,reference:file:C:/Users/uwe/.m2/repository/p2/osgi/bundle/javax.inject/1.0.0.v20091030/javax.inject-1.0.0.v20091030.jar,reference:file:C:/Users/uwe/.m2/repository/p2/osgi/bundle/org.eclipse.e4.core.contexts/1.4.0.v20150828-0818/org.eclipse.e4.core.contexts-1.4.0.v20150828-0818.jar,reference:file:C:/Users/uwe/.m2/repository/p2/osgi/bundle/org.eclipse.e4.core.services/2.0.0.v20150403-1912/org.eclipse.e4.core.services-2.0.0.v20150403-1912.jar,reference:file:C:/Users/uwe/.m2/repository/p2/osgi/bundle/org.eclipse.e4.core.di.annotations/1.4.0.v20150528-1451/org.eclipse.e4.core.di.annotations-1.4.0.v20150528-1451.jar,reference:file:C:/Users/uwe/.m2/repository/p2/osgi/bundle/org.eclipse.e4.core.di.extensions/0.13.0.v20150421-2214/org.eclipse.e4.core.di.extensions-0.13.0.v20150421-2214.jar,reference:file:C:/Users/uwe/.m2/repository/p2/osgi/bundle/org.eclipse.e4.emf.xpath/0.1.100.v20150513-0856/org.eclipse.e4.emf.xpath-0.1.100.v20150513-0856.jar,reference:file:C:/Users/uwe/.m2/repository/p2/osgi/bundle/org.apache.commons.jxpath/1.3.0.v200911051830/org.apache.commons.jxpath-1.3.0.v200911051830.jar,reference:file:C:/Users/uwe/.m2/repository/p2/osgi/bundle/org.eclipse.emf.ecore/2.11.1.v20150805-0538/org.eclipse.emf.ecore-2.11.1.v20150805-0538.jar,reference:file:C:/Users/uwe/.m2/repository/p2/osgi/bundle/org.eclipse.e4.ui.bindings/0.11.0.v20150422-0725/org.eclipse.e4.ui.bindings-0.11.0.v20150422-0725.jar,reference:file:C:/Users/uwe/.m2/repository/p2/osgi/bundle/org.eclipse.swt/3.104.1.v20150825-0743/org.eclipse.swt-3.104.1.v20150825-0743.jar,reference:file:C:/Users/uwe/.m2/repository/p2/osgi/bundle/org.eclipse.jface/3.11.0.v20150602-1400/org.eclipse.jface-3.11.0.v20150602-1400.jar,reference:file:C:/Users/uwe/.m2/repository/p2/osgi/bundle/org.eclipse.e4.ui.css.core/0.11.0.v20150511-1937/org.eclipse.e4.ui.css.core-0.11.0.v20150511-1937.jar,reference:file:C:/Users/uwe/.m2/repository/p2/osgi/bundle/org.eclipse.e4.ui.css.swt/0.12.0.v20150511-1003/org.eclipse.e4.ui.css.swt-0.12.0.v20150511-1003.jar,reference:file:C:/Users/uwe/.m2/repository/p2/osgi/bundle/org.eclipse.e4.ui.css.swt.theme/0.10.0.v20150422-0725/org.eclipse.e4.ui.css.swt.theme-0.10.0.v20150422-0725.jar,reference:file:C:/Users/uwe/.m2/repository/p2/osgi/bundle/org.eclipse.e4.ui.di/1.1.0.v20150422-0725/org.eclipse.e4.ui.di-1.1.0.v20150422-0725.jar,reference:file:C:/Users/uwe/.m2/repository/p2/osgi/bundle/org.eclipse.e4.ui.model.workbench/1.1.100.v20150407-1430/org.eclipse.e4.ui.model.workbench-1.1.100.v20150407-1430.jar,reference:file:C:/Users/uwe/.m2/repository/p2/osgi/bundle/org.eclipse.e4.ui.services/1.2.0.v20150422-0725/org.eclipse.e4.ui.services-1.2.0.v20150422-0725.jar,reference:file:C:/Users/uwe/.m2/repository/p2/osgi/bundle/org.eclipse.e4.ui.widgets/1.1.0.v20150427-1751/org.eclipse.e4.ui.widgets-1.1.0.v20150427-1751.jar,reference:file:C:/Users/uwe/.m2/repository/p2/osgi/bundle/org.eclipse.e4.ui.workbench/1.3.0.v20150531-1948/org.eclipse.e4.ui.workbench-1.3.0.v20150531-1948.jar,reference:file:C:/Users/uwe/.m2/repository/p2/osgi/bundle/org.eclipse.emf.ecore.change/2.11.0.v20150805-0538/org.eclipse.emf.ecore.change-2.11.0.v20150805-0538.jar,reference:file:C:/Users/uwe/.m2/repository/p2/osgi/bundle/org.eclipse.emf.ecore.xmi/2.11.1.v20150805-0538/org.eclipse.emf.ecore.xmi-2.11.1.v20150805-0538.jar,reference:file:C:/Users/uwe/.m2/repository/p2/osgi/bundle/org.eclipse.e4.ui.workbench.addons.swt/1.2.0.v20150512-1414/org.eclipse.e4.ui.workbench.addons.swt-1.2.0.v20150512-1414.jar,reference:file:C:/Users/uwe/.m2/repository/p2/osgi/bundle/org.eclipse.e4.ui.workbench.renderers.swt/0.13.0.v20150901-1347/org.eclipse.e4.ui.workbench.renderers.swt-0.13.0.v20150901-1347.jar,reference:file:C:/Users/uwe/.m2/repository/p2/osgi/bundle/org.eclipse.e4.ui.workbench.swt/0.13.0.v20150504-0621/org.eclipse.e4.ui.workbench.swt-0.13.0.v20150504-0621.jar,reference:file:C:/Users/uwe/.m2/repository/p2/osgi/bundle/org.eclipse.jface.databinding/1.7.0.v20150406-2148/org.eclipse.jface.databinding-1.7.0.v20150406-2148.jar,reference:file:C:/Users/uwe/.m2/repository/p2/osgi/bundle/org.eclipse.e4.ui.workbench3/0.13.0.v20150422-0725/org.eclipse.e4.ui.workbench3-0.13.0.v20150422-0725.jar,reference:file:C:/Users/uwe/.m2/repository/p2/osgi/bundle/org.eclipse.equinox.ds/1.4.300.v20150423-1356/org.eclipse.equinox.ds-1.4.300.v20150423-1356.jar@1:start,reference:file:C:/Users/uwe/.m2/repository/p2/osgi/bundle/org.eclipse.emf.common/2.11.0.v20150805-0538/org.eclipse.emf.common-2.11.0.v20150805-0538.jar,reference:file:C:/Users/uwe/.m2/repository/p2/osgi/bundle/org.eclipse.equinox.bidi/0.10.0.v20130327-1442/org.eclipse.equinox.bidi-0.10.0.v20130327-1442.jar,reference:file:C:/Users/uwe/.m2/repository/p2/osgi/bundle/org.eclipse.equinox.util/1.0.500.v20130404-1337/org.eclipse.equinox.util-1.0.500.v20130404-1337.jar,reference:file:C:/Users/uwe/.m2/repository/p2/osgi/bundle/org.eclipse.equinox.p2.core/2.4.0.v20150527-1706/org.eclipse.equinox.p2.core-2.4.0.v20150527-1706.jar,reference:file:C:/Users/uwe/.m2/repository/p2/osgi/bundle/org.eclipse.equinox.p2.engine/2.4.0.v20150511-1532/org.eclipse.equinox.p2.engine-2.4.0.v20150511-1532.jar,reference:file:C:/Users/uwe/.m2/repository/p2/osgi/bundle/org.eclipse.equinox.p2.metadata/2.3.0.v20150511-1532/org.eclipse.equinox.p2.metadata-2.3.0.v20150511-1532.jar,reference:file:C:/Users/uwe/.m2/repository/p2/osgi/bundle/org.eclipse.equinox.p2.metadata.repository/1.2.200.v20150428-1613/org.eclipse.equinox.p2.metadata.repository-1.2.200.v20150428-1613.jar,reference:file:C:/Users/uwe/.m2/repository/p2/osgi/bundle/org.eclipse.equinox.p2.repository/2.3.100.v20150428-1613/org.eclipse.equinox.p2.repository-2.3.100.v20150428-1613.jar,reference:file:C:/Users/uwe/.m2/repository/p2/osgi/bundle/org.tukaani.xz/1.3.0.v201308270617/org.tukaani.xz-1.3.0.v201308270617.jar,reference:file:C:/Users/uwe/.m2/repository/p2/osgi/bundle/org.eclipse.help/3.6.0.v20130326-1254/org.eclipse.help-3.6.0.v20130326-1254.jar,reference:file:C:/Users/uwe/.m2/repository/p2/osgi/bundle/org.eclipse.ltk.core.refactoring/3.6.201.v20150819-1034/org.eclipse.ltk.core.refactoring-3.6.201.v20150819-1034.jar,reference:file:C:/Users/uwe/.m2/repository/p2/osgi/bundle/org.eclipse.ltk.ui.refactoring/3.7.200.v20140625-1835/org.eclipse.ltk.ui.refactoring-3.7.200.v20140625-1835.jar,reference:file:C:/Users/uwe/.m2/repository/p2/osgi/bundle/org.eclipse.ui.navigator/3.6.0.v20150422-0725/org.eclipse.ui.navigator-3.6.0.v20150422-0725.jar,reference:file:C:/Users/uwe/.m2/repository/p2/osgi/bundle/org.eclipse.team.core/3.7.100.v20150203-1452/org.eclipse.team.core-3.7.100.v20150203-1452.jar,reference:file:C:/Users/uwe/.m2/repository/p2/osgi/bundle/org.eclipse.team.ui/3.7.200.v20150203-1452/org.eclipse.team.ui-3.7.200.v20150203-1452.jar,reference:file:C:/Users/uwe/.m2/repository/p2/osgi/bundle/org.eclipse.swt.win32.win32.x86/3.104.1.v20150825-0743/org.eclipse.swt.win32.win32.x86-3.104.1.v20150825-0743.jar,reference:file:C:/Users/uwe/.m2/repository/p2/osgi/bundle/org.eclipse.ui.workbench/3.107.0.v20150825-2206/org.eclipse.ui.workbench-3.107.0.v20150825-2206.jar,reference:file:C:/Users/uwe/.m2/repository/p2/osgi/bundle/org.eclipse.ui.ide.application/1.1.0.v20150422-0725/org.eclipse.ui.ide.application-1.1.0.v20150422-0725.jar,reference:file:C:/Users/uwe/.m2/repository/p2/osgi/bundle/org.eclipse.ui.navigator.resources/3.5.0.v20150422-0725/org.eclipse.ui.navigator.resources-3.5.0.v20150422-0725.jar,reference:file:C:/Users/uwe/.m2/repository/p2/osgi/bundle/org.eclipse.ui.views.properties.tabbed/3.6.100.v20150423-0822/org.eclipse.ui.views.properties.tabbed-3.6.100.v20150423-0822.jar,reference:file:C:/Users/uwe/.m2/repository/p2/osgi/bundle/org.hamcrest.core/1.3.0.v201303031735/org.hamcrest.core-1.3.0.v201303031735.jar,reference:file:C:/Users/uwe/.m2/repository/p2/osgi/bundle/org.junit/4.12.0.v201504281640/org.junit-4.12.0.v201504281640.jar,reference:file:C:/Users/uwe/.m2/repository/p2/osgi/bundle/org.w3c.dom.smil/1.0.1.v200903091627/org.w3c.dom.smil-1.0.1.v200903091627.jar,reference:file:D:/java/EclipseProjects/tycho-tests/testbundletest,reference:file:C:/Users/uwe/.m2/repository/de/enterpriseosgi/tycho/bundle/0.0.1-SNAPSHOT/bundle-0.0.1-SNAPSHOT.jar,reference:file:C:/Users/uwe/.m2/repository/p2/osgi/bundle/org.eclipse.equinox.launcher/1.3.100.v20150511-1540/org.eclipse.equinox.launcher-1.3.100.v20150511-1540.jar,reference:file:C:/Users/uwe/.m2/repository/org/eclipse/tycho/org.eclipse.tycho.surefire.osgibooter/0.24.0/org.eclipse.tycho.surefire.osgibooter-0.24.0.jar,reference:file:C:/Users/uwe/.m2/repository/org/eclipse/tycho/org.eclipse.tycho.surefire.junit4/0.24.0/org.eclipse.tycho.surefire.junit4-0.24.0.jar"/>
    <property name="java.endorsed.dirs" value="C:\Program Files (x86)\Java\jdk1.8.0_60\jre\lib\endorsed"/>
    <property name="sun.cpu.isalist" value="pentium_pro+mmx pentium_pro pentium+mmx pentium i486 i386 i86"/>
    <property name="sun.jnu.encoding" value="Cp1252"/>
    <property name="eclipse.application" value="org.eclipse.tycho.surefire.osgibooter.headlesstest"/>
    <property name="file.encoding.pkg" value="sun.io"/>
    <property name="org.osgi.framework.vendor" value="Eclipse"/>
    <property name="file.separator" value="\"/>
    <property name="java.specification.name" value="Java Platform API Specification"/>
    <property name="osgi.checkConfiguration" value="true"/>
    <property name="java.class.version" value="52.0"/>
    <property name="user.country" value="DE"/>
    <property name="osgi.configuration.cascaded" value="false"/>
    <property name="java.home" value="C:\Program Files (x86)\Java\jdk1.8.0_60\jre"/>
    <property name="osgi.os" value="win32"/>
    <property name="eclipse.commands" value="-data&#10;D:\java\EclipseProjects\tycho-tests\testbundletest\target\work\data&#10;-install&#10;D:\java\EclipseProjects\tycho-tests\testbundletest\target\work&#10;-configuration&#10;D:\java\EclipseProjects\tycho-tests\testbundletest\target\work\configuration&#10;-application&#10;org.eclipse.tycho.surefire.osgibooter.headlesstest&#10;-testproperties&#10;D:\java\EclipseProjects\tycho-tests\testbundletest\target\surefire.properties&#10;"/>
    <property name="java.vm.info" value="mixed mode, sharing"/>
    <property name="os.version" value="6.1"/>
    <property name="osgi.arch" value="x86"/>
    <property name="path.separator" value=";"/>
    <property name="java.vm.version" value="25.60-b23"/>
    <property name="org.osgi.supports.framework.fragment" value="true"/>
    <property name="user.variant" value=""/>
    <property name="osgi.framework.shape" value="jar"/>
    <property name="java.awt.printerjob" value="sun.awt.windows.WPrinterJob"/>
    <property name="sun.io.unicode.encoding" value="UnicodeLittle"/>
    <property name="org.osgi.framework.version" value="1.8.0"/>
    <property name="awt.toolkit" value="sun.awt.windows.WToolkit"/>
    <property name="user.script" value=""/>
    <property name="eclipse.stateSaveDelayInterval" value="30000"/>
    <property name="osgi.dev" value="file:/D:/java/EclipseProjects/tycho-tests/testbundletest/target/work/dev.properties"/>
    <property name="osgi.install.area" value="file:/D:/java/EclipseProjects/tycho-tests/testbundletest/target/work/"/>
    <property name="osgi.framework" value="file:/C:/Users/uwe/.m2/repository/p2/osgi/bundle/org.eclipse.osgi/3.10.101.v20150820-1432/org.eclipse.osgi-3.10.101.v20150820-1432.jar"/>
    <property name="user.home" value="C:\Users\uwe"/>
    <property name="osgi.framework.useSystemProperties" value="true"/>
    <property name="java.specification.vendor" value="Oracle Corporation"/>
    <property name="osgi.nl" value="de_DE"/>
    <property name="java.library.path" value="C:\Program Files (x86)\Java\jdk1.8.0_60\jre\bin;C:\Windows\Sun\Java\bin;C:\Windows\system32;C:\Windows;C:/Program Files (x86)/Java/jdk1.8.0_60/jre/bin/client;C:/Program Files (x86)/Java/jdk1.8.0_60/jre/bin;C:/Program Files (x86)/Java/jdk1.8.0_60/jre/lib/i386;C:\ProgramData\Oracle\Java\javapath;C:\Program Files (x86)\Business Objects\Common\3.5\bin\NOTES\;C:\Program Files (x86)\Business Objects\Common\3.5\bin\NOTES\DATA\;C:\Program Files (x86)\NVIDIA Corporation\PhysX\Common;C:\Program Files (x86)\Java\jdk1.7.0_07\bin;C:\Program Files (x86)\Intel\iCLS Client\;C:\Program Files\Intel\iCLS Client\;C:\Windows\system32;C:\Windows;C:\Windows\System32\Wbem;C:\Windows\System32\WindowsPowerShell\v1.0\;C:\Program Files\Intel\Intel(R) Management Engine Components\DAL;C:\Program Files\Intel\Intel(R) Management Engine Components\IPT;C:\Program Files (x86)\Intel\Intel(R) Management Engine Components\DAL;C:\Program Files (x86)\Intel\Intel(R) Management Engine Components\IPT;C:\Program Files (x86)\CineForm\Tools;C:\Program Files (x86)\ATI Technologies\ATI.ACE\Core-Static;C:\Program Files (x86)\Common Files\Acronis\SnapAPI\;D:\HashiCorp\Vagrant\bin;C:\Program Files (x86)\IVI Foundation\VISA\WinNT\Bin;D:\java\eclipse_mars;;."/>
    <property name="java.vendor.url" value="http://java.oracle.com/"/>
    <property name="osgi.bundlefile.limit" value="100"/>
    <property name="eclipse.startTime" value="1455132706137"/>
    <property name="org.osgi.framework.os.version" value="6.1.0"/>
    <property name="java.vm.vendor" value="Oracle Corporation"/>
    <property name="java.runtime.name" value="Java(TM) SE Runtime Environment"/>
    <property name="java.class.path" value="C:\Users\uwe\.m2\repository\p2\osgi\bundle\org.eclipse.equinox.launcher\1.3.100.v20150511-1540\org.eclipse.equinox.launcher-1.3.100.v20150511-1540.jar"/>
    <property name="sun.java.command" value="C:\Users\uwe\.m2\repository\p2\osgi\bundle\org.eclipse.equinox.launcher\1.3.100.v20150511-1540\org.eclipse.equinox.launcher-1.3.100.v20150511-1540.jar -data D:\java\EclipseProjects\tycho-tests\testbundletest\target\work\data -install D:\java\EclipseProjects\tycho-tests\testbundletest\target\work -configuration D:\java\EclipseProjects\tycho-tests\testbundletest\target\work\configuration -application org.eclipse.tycho.surefire.osgibooter.headlesstest -testproperties D:\java\EclipseProjects\tycho-tests\testbundletest\target\surefire.properties"/>
    <property name="java.vm.specification.name" value="Java Virtual Machine Specification"/>
    <property name="java.vm.specification.version" value="1.8"/>
    <property name="sun.os.patch.level" value="Service Pack 1"/>
    <property name="sun.cpu.endian" value="little"/>
    <property name="gosh.args" value="--nointeractive"/>
    <property name="java.io.tmpdir" value="C:\Users\uwe\AppData\Local\Temp\"/>
    <property name="java.vendor.url.bug" value="http://bugreport.sun.com/bugreport/"/>
    <property name="eclipse.home.location" value="file:/D:/java/EclipseProjects/tycho-tests/testbundletest/target/work/"/>
    <property name="java.awt.graphicsenv" value="sun.awt.Win32GraphicsEnvironment"/>
    <property name="os.arch" value="x86"/>
    <property name="java.ext.dirs" value="C:\Program Files (x86)\Java\jdk1.8.0_60\jre\lib\ext;C:\Windows\Sun\Java\lib\ext"/>
    <property name="user.dir" value="D:\java\EclipseProjects\tycho-tests\testbundletest"/>
    <property name="org.osgi.supports.framework.requirebundle" value="true"/>
    <property name="osgi.clean" value="true"/>
    <property name="line.separator" value="&#10;"/>
    <property name="java.vm.name" value="Java HotSpot(TM) Client VM"/>
    <property name="file.encoding" value="Cp1252"/>
    <property name="java.specification.version" value="1.8"/>
    <property name="org.osgi.framework.executionenvironment" value="OSGi/Minimum-1.0,OSGi/Minimum-1.1,OSGi/Minimum-1.2,JavaSE/compact1-1.8,JavaSE/compact2-1.8,JavaSE/compact3-1.8,JRE-1.1,J2SE-1.2,J2SE-1.3,J2SE-1.4,J2SE-1.5,JavaSE-1.6,JavaSE-1.7,JavaSE-1.8"/>
    <property name="osgi.configuration.area" value="file:/D:/java/EclipseProjects/tycho-tests/testbundletest/target/work/configuration/"/>
    <property name="osgi.logfile" value="D:\java\EclipseProjects\tycho-tests\testbundletest\target\work\configuration\1455132706332.log"/>
  </properties>
  <testcase name="test" classname="de.enterpriseosgi.tycho.bundle.tests.TestKlasse" time="0.002">
    <failure message="Not yet implemented" type="java.lang.AssertionError">java.lang.AssertionError: Not yet implemented
	at org.junit.Assert.fail(Assert.java:88)
	at de.enterpriseosgi.tycho.bundle.tests.TestKlasse.test(TestKlasse.java:11)
</failure>
  </testcase>
</testsuite>